<?xml version="1.0" encoding="UTF-8"?>
<!-- Generated by org.testng.reporters.JUnitReportReporter -->
<testsuite hostname="DESKTOP-ML58TVU" failures="0" tests="3" name="com.runner.Home_SignInPageRunner" time="85.189" errors="0" timestamp="2024-06-28T01:59:11 IST" skipped="0">
  <testcase classname="com.runner.Home_SignInPageRunner" name="runScenario" time="34.080"/>
  <testcase classname="com.runner.Home_SignInPageRunner" name="runScenario" time="17.077"/>
  <testcase classname="com.runner.Home_SignInPageRunner" name="runScenario" time="34.032"/>
</testsuite> <!-- com.runner.Home_SignInPageRunner -->
