<?xml version="1.0" encoding="UTF-8"?>
<!-- Generated by org.testng.reporters.JUnitReportReporter -->
<testsuite hostname="DESKTOP-ML58TVU" failures="0" tests="3" name="com.runner.Home_SignInPageRunner" time="30.005" errors="0" timestamp="2024-06-24T08:10:09 IST" skipped="0">
  <testcase classname="com.runner.Home_SignInPageRunner" name="runScenario" time="5.986"/>
  <testcase classname="com.runner.Home_SignInPageRunner" name="runScenario" time="18.392"/>
  <testcase classname="com.runner.Home_SignInPageRunner" name="runScenario" time="5.627"/>
</testsuite> <!-- com.runner.Home_SignInPageRunner -->
