<?xml version="1.0" encoding="UTF-8"?>
<!-- Generated by org.testng.reporters.JUnitReportReporter -->
<testsuite hostname="DESKTOP-ML58TVU" failures="0" tests="3" name="com.runner.Home_SignInPageRunner" time="27.124" errors="0" timestamp="2024-06-23T22:14:23 IST" skipped="0">
  <testcase classname="com.runner.Home_SignInPageRunner" name="runScenario" time="6.919"/>
  <testcase classname="com.runner.Home_SignInPageRunner" name="runScenario" time="6.303"/>
  <testcase classname="com.runner.Home_SignInPageRunner" name="runScenario" time="13.902"/>
</testsuite> <!-- com.runner.Home_SignInPageRunner -->
